Arguments: 
  E:\node\node.exe E:\yarn\bin\yarn.js add echarts

PATH: 
  E:\tj\study\vue-demo\node_modules\.bin;C:\Windows\system32;C:\Windows;C:\Windows\System32\Wbem;C:\Windows\System32\WindowsPowerShell\v1.0\;C:\Windows\System32\OpenSSH\;E:\JDK\bin;E:\Git\cmd;E:\apache-maven-3.6.3\bin;E:\node\;E:\yarn\bin\;E:\redis\;C:\Users\mubaisama\AppData\Local\Microsoft\WindowsApps;;E:\IntelliJ IDEA 2020.1.2\bin;;E:\WebStorm 2020.1.3\bin;;C:\Users\mubaisama\AppData\Roaming\npm;C:\Users\mubaisama\AppData\Local\Yarn\bin

Yarn version: 
  1.22.5

Node version: 
  12.18.3

Platform: 
  win32 x64

Trace: 
  Error: EPERM: operation not permitted, unlink 'C:\Users\mubaisama\AppData\Local\Yarn\Cache\v6\npm-echarts-5.0.1-b999ff6f515b1aa851ed09576eaf89686b57ce97-integrity\node_modules\echarts\.yarn-tarball.tgz'

npm manifest: 
  {
    "devDependencies": {
      "prettier": "^2.2.1"
    }
  }

yarn manifest: 
  No manifest

Lockfile: 
  # THIS IS AN AUTOGENERATED FILE. DO NOT EDIT THIS FILE DIRECTLY.
  # yarn lockfile v1
  
  
  prettier@^2.2.1:
    version "2.2.1"
    resolved "https://registry.yarnpkg.com/prettier/-/prettier-2.2.1.tgz#795a1a78dd52f073da0cd42b21f9c91381923ff5"
    integrity sha512-PqyhM2yCjg/oKkFPtTGUojv7gnZAoG80ttl45O6x2Ug/rMJw4wcc9k6aaf2hibP7BGVCCM33gZoGjyvt9mm16Q==
